<?xml version="1.0" encoding="UTF-8"?>
<!-- Generated by org.testng.reporters.JUnitReportReporter -->
<testsuite name="Testcase.FlightsearchTestcase" tests="6" time="59.016" ignored="0" failures="0" timestamp="29 Dec 2021 07:58:31 GMT" skipped="0" hostname="DESKTOP-VTBT3RG" errors="0">
  <testcase name="validsearch" time="10.519" classname="Testcase.FlightsearchTestcase"/>
  <testcase name="validsearch" time="9.593" classname="Testcase.FlightsearchTestcase"/>
  <testcase name="validsearch" time="9.362" classname="Testcase.FlightsearchTestcase"/>
  <testcase name="validsearch" time="9.002" classname="Testcase.FlightsearchTestcase"/>
  <testcase name="validsearch" time="10.341" classname="Testcase.FlightsearchTestcase"/>
  <testcase name="validsearch" time="10.199" classname="Testcase.FlightsearchTestcase"/>
</testsuite> <!-- Testcase.FlightsearchTestcase -->
