<?xml version="1.0" encoding="UTF-8"?>
<!-- Generated by org.testng.reporters.JUnitReportReporter -->
<testsuite skipped="0" hostname="DESKTOP-VTBT3RG" name="Testcase.FlightsearchTestcase" tests="3" failures="0" timestamp="2021-10-14T09:14:46 IST" time="49.629" errors="0">
  <testcase name="validsearch" time="16.092" classname="Testcase.FlightsearchTestcase"/>
  <system-out/>
  <testcase name="validsearch" time="16.047" classname="Testcase.FlightsearchTestcase"/>
  <system-out/>
  <testcase name="validsearch" time="17.490" classname="Testcase.FlightsearchTestcase"/>
  <system-out/>
</testsuite> <!-- Testcase.FlightsearchTestcase -->
