<?xml version="1.0" encoding="UTF-8"?>
<!-- Generated by org.testng.reporters.JUnitReportReporter -->
<testsuite skipped="0" hostname="DESKTOP-VTBT3RG" name="Testcase.secondclass" tests="3" failures="0" timestamp="2021-10-18T17:31:06 IST" time="9.031" errors="0">
  <testcase name="validsearch_class2" time="3.015" classname="Testcase.secondclass"/>
  <system-out/>
  <testcase name="validsearch_class2" time="3.011" classname="Testcase.secondclass"/>
  <system-out/>
  <testcase name="validsearch_class2" time="3.005" classname="Testcase.secondclass"/>
  <system-out/>
</testsuite> <!-- Testcase.secondclass -->
