<?xml version="1.0" encoding="UTF-8"?>
<!-- Generated by org.testng.reporters.JUnitReportReporter -->
<testsuite skipped="0" hostname="DESKTOP-VTBT3RG" name="Testcase.FlightsearchTestcase" tests="6" failures="0" timestamp="2021-10-18T18:03:41 IST" time="98.095" errors="0">
  <testcase name="validsearch" time="12.534" classname="Testcase.FlightsearchTestcase"/>
  <system-out/>
  <testcase name="validsearch" time="13.072" classname="Testcase.FlightsearchTestcase"/>
  <system-out/>
  <testcase name="validsearch" time="17.514" classname="Testcase.FlightsearchTestcase"/>
  <system-out/>
  <testcase name="validsearch" time="18.396" classname="Testcase.FlightsearchTestcase"/>
  <system-out/>
  <testcase name="validsearch" time="16.740" classname="Testcase.FlightsearchTestcase"/>
  <system-out/>
  <testcase name="validsearch" time="19.839" classname="Testcase.FlightsearchTestcase"/>
  <system-out/>
</testsuite> <!-- Testcase.FlightsearchTestcase -->
