<?xml version="1.0" encoding="UTF-8"?>
<!-- Generated by org.testng.reporters.JUnitReportReporter -->
<testsuite name="Testcase.FlightsearchTestcase" tests="3" time="47.467" ignored="0" failures="0" timestamp="21 Oct 2021 18:00:56 GMT" skipped="0" hostname="DESKTOP-VTBT3RG" errors="0">
  <testcase name="validsearch" time="18.989" classname="Testcase.FlightsearchTestcase"/>
  <testcase name="validsearch" time="12.651" classname="Testcase.FlightsearchTestcase"/>
  <testcase name="validsearch" time="15.827" classname="Testcase.FlightsearchTestcase"/>
</testsuite> <!-- Testcase.FlightsearchTestcase -->
