<?xml version="1.0" encoding="UTF-8"?>
<!-- Generated by org.testng.reporters.JUnitReportReporter -->
<testsuite name="Testcase.secondclass" tests="3" time="45.401" ignored="0" failures="0" timestamp="21 Oct 2021 18:00:56 GMT" skipped="0" hostname="DESKTOP-VTBT3RG" errors="0">
  <testcase name="validsearch_class2" time="17.930" classname="Testcase.secondclass"/>
  <testcase name="validsearch_class2" time="15.010" classname="Testcase.secondclass"/>
  <testcase name="validsearch_class2" time="12.461" classname="Testcase.secondclass"/>
</testsuite> <!-- Testcase.secondclass -->
