<?xml version="1.0" encoding="UTF-8"?>
<!-- Generated by org.testng.reporters.JUnitReportReporter -->
<testsuite name="Testcase.secondclass" tests="3" time="42.369" ignored="0" failures="0" timestamp="20 Nov 2021 07:59:20 GMT" skipped="0" hostname="DESKTOP-VTBT3RG" errors="0">
  <testcase name="validsearch_class2" time="13.248" classname="Testcase.secondclass"/>
  <testcase name="validsearch_class2" time="14.958" classname="Testcase.secondclass"/>
  <testcase name="validsearch_class2" time="14.163" classname="Testcase.secondclass"/>
</testsuite> <!-- Testcase.secondclass -->
