<?xml version="1.0" encoding="UTF-8"?>
<!-- Generated by org.testng.reporters.JUnitReportReporter -->
<testsuite name="Testcase.FlightsearchTestcase" tests="3" time="36.352" ignored="0" failures="0" timestamp="04 Dec 2021 07:56:57 GMT" skipped="0" hostname="DESKTOP-VTBT3RG" errors="0">
  <testcase name="validsearch" time="11.340" classname="Testcase.FlightsearchTestcase"/>
  <testcase name="validsearch" time="14.985" classname="Testcase.FlightsearchTestcase"/>
  <testcase name="validsearch" time="10.027" classname="Testcase.FlightsearchTestcase"/>
</testsuite> <!-- Testcase.FlightsearchTestcase -->
