<?xml version="1.0" encoding="UTF-8"?>
<!-- Generated by org.testng.reporters.JUnitReportReporter -->
<testsuite skipped="0" hostname="DESKTOP-VTBT3RG" name="Testcase.FlightsearchTestcase" tests="3" failures="0" timestamp="2021-10-14T09:28:20 IST" time="131.182" errors="0">
  <testcase name="validsearch" time="47.782" classname="Testcase.FlightsearchTestcase"/>
  <system-out/>
  <testcase name="validsearch" time="30.517" classname="Testcase.FlightsearchTestcase"/>
  <system-out/>
  <testcase name="validsearch" time="52.883" classname="Testcase.FlightsearchTestcase"/>
  <system-out/>
</testsuite> <!-- Testcase.FlightsearchTestcase -->
